<?xml version="1.0" encoding="UTF-8"?>
<!-- Generated by org.testng.reporters.JUnitReportReporter -->
<testsuite skipped="0" hostname="DESKTOP-74HS2VL" name="com.lemon.cases.KeyouProjects" tests="4" failures="0" timestamp="18 八月 2020 15:17:16 GMT" time="0.447" errors="0">
  <testcase name="test" time="0.091" classname="com.lemon.cases.KeyouProjects"/>
  <testcase name="test" time="0.104" classname="com.lemon.cases.KeyouProjects"/>
  <testcase name="test" time="0.105" classname="com.lemon.cases.KeyouProjects"/>
  <testcase name="test" time="0.147" classname="com.lemon.cases.KeyouProjects"/>
</testsuite> <!-- com.lemon.cases.KeyouProjects -->
