<?xml version="1.0" encoding="UTF-8"?>
<!-- Generated by org.testng.reporters.JUnitReportReporter -->
<testsuite skipped="0" hostname="DESKTOP-74HS2VL" name="com.lemon.cases.KeyyouLoginCase" tests="5" failures="0" timestamp="18 八月 2020 15:17:16 GMT" time="0.841" errors="0">
  <testcase name="test" time="0.220" classname="com.lemon.cases.KeyyouLoginCase"/>
  <testcase name="test" time="0.094" classname="com.lemon.cases.KeyyouLoginCase"/>
  <testcase name="test" time="0.220" classname="com.lemon.cases.KeyyouLoginCase"/>
  <testcase name="test" time="0.101" classname="com.lemon.cases.KeyyouLoginCase"/>
  <testcase name="test" time="0.206" classname="com.lemon.cases.KeyyouLoginCase"/>
</testsuite> <!-- com.lemon.cases.KeyyouLoginCase -->
