<?xml version="1.0" encoding="UTF-8"?>
<!-- Generated by org.testng.reporters.JUnitReportReporter -->
<testsuite skipped="0" hostname="DESKTOP-74HS2VL" name="com.lemon.cases.KeyouRegisterCase" tests="6" failures="0" timestamp="18 八月 2020 15:17:16 GMT" time="5.288" errors="0">
  <testcase name="test" time="0.101" classname="com.lemon.cases.KeyouRegisterCase"/>
  <testcase name="test" time="0.217" classname="com.lemon.cases.KeyouRegisterCase"/>
  <testcase name="test" time="0.092" classname="com.lemon.cases.KeyouRegisterCase"/>
  <testcase name="test" time="0.092" classname="com.lemon.cases.KeyouRegisterCase"/>
  <testcase name="test" time="4.687" classname="com.lemon.cases.KeyouRegisterCase"/>
  <testcase name="test" time="0.099" classname="com.lemon.cases.KeyouRegisterCase"/>
</testsuite> <!-- com.lemon.cases.KeyouRegisterCase -->
